<?xml version="1.0" encoding="UTF-8"?>
<!-- Generated by org.testng.reporters.JUnitReportReporter -->
<testsuite hostname="LIN24005969" failures="0" tests="2" name="OrderAction" time="3.697" errors="0" timestamp="2021-08-12T22:40:15 IST" skipped="0">
  <testcase classname="OrderAction" name="Demo" time="1.919"/>
  <system-out/>
  <testcase classname="OrderAction" name="SignIn" time="1.778"/>
  <system-out/>
</testsuite> <!-- OrderAction -->
